<?xml version="1.0" encoding="UTF-8"?>
<testsuite xmlns:xsi="http://www.w3.org/2001/XMLSchema-instance" xsi:noNamespaceSchemaLocation="https://maven.apache.org/surefire/maven-surefire-plugin/xsd/surefire-test-report-3.0.xsd" version="3.0" name="com.example.bank.BankAccountTest" time="0.107" tests="20" errors="0" skipped="0" failures="0">
  <properties>
[...]
</properties>
  <testcase name="applyMonthlyInterest_recordsTransaction" classname="com.example.bank.BankAccountTest" time="0.045"/>
  <testcase name="withdraw_usingOverdraftAllowedWithinLimit" classname="com.example.bank.BankAccountTest" time="0.001"/>
  <testcase name="withdraw_invalidAmountThrows" classname="com.example.bank.BankAccountTest" time="0.005"/>
  <testcase name="withdraw_exactBalanceAllowed" classname="com.example.bank.BankAccountTest" time="0.002"/>
  <testcase name="deposit_increasesBalance" classname="com.example.bank.BankAccountTest" time="0.002"/>
  <testcase name="deposit_recordsTransaction" classname="com.example.bank.BankAccountTest" time="0.001"/>
  <testcase name="applyMonthlyInterest_multipleMonths_appliesEachMonth" classname="com.example.bank.BankAccountTest" time="0.001"/>
  <testcase name="transfer_invalidAmountThrows" classname="com.example.bank.BankAccountTest" time="0.001"/>
  <testcase name="applyMonthlyInterest_negativeMonths_throws" classname="com.example.bank.BankAccountTest" time="0.002"/>
  <testcase name="withdraw_exceedsOverdraftThrows" classname="com.example.bank.BankAccountTest" time="0.001"/>
  <testcase name="withdraw_decreasesBalance" classname="com.example.bank.BankAccountTest" time="0.001"/>
  <testcase name="applyMonthlyInterest_zeroRate_noChangeExceptTransaction" classname="com.example.bank.BankAccountTest" time="0.001"/>
  <testcase name="applyMonthlyInterest_positiveRate_increasesBalance" classname="com.example.bank.BankAccountTest" time="0"/>
  <testcase name="deposit_rejectsZero" classname="com.example.bank.BankAccountTest" time="0.001"/>
  <testcase name="deposit_rejectsNegative" classname="com.example.bank.BankAccountTest" time="0.001"/>
  <testcase name="transfer_recordsTransactionsOnBoth" classname="com.example.bank.BankAccountTest" time="0"/>
  <testcase name="deposit_largeAmountWorks" classname="com.example.bank.BankAccountTest" time="0.001"/>
  <testcase name="transfer_successful_movesFunds" classname="com.example.bank.BankAccountTest" time="0"/>
  <testcase name="transfer_toSelf_throws" classname="com.example.bank.BankAccountTest" time="0.001"/>
  <testcase name="transfer_insufficientFundsThrows" classname="com.example.bank.BankAccountTest" time="0.002"/>
</testsuite>